Nov 22, 2018 2:42:11 PM org.apache.catalina.startup.VersionLoggerListener log
INFO: Server version:        Apache Tomcat (TomEE)/7.0.81 (1.7.5)
Nov 22, 2018 2:42:11 PM org.apache.catalina.startup.VersionLoggerListener log
INFO: Server built:          Aug 11 2017 10:21:27 UTC
Nov 22, 2018 2:42:11 PM org.apache.catalina.startup.VersionLoggerListener log
INFO: Server number:         7.0.81.0
Nov 22, 2018 2:42:11 PM org.apache.catalina.startup.VersionLoggerListener log
INFO: OS Name:               Windows 10
Nov 22, 2018 2:42:11 PM org.apache.catalina.startup.VersionLoggerListener log
INFO: OS Version:            10.0
Nov 22, 2018 2:42:11 PM org.apache.catalina.startup.VersionLoggerListener log
INFO: Architecture:          amd64
Nov 22, 2018 2:42:11 PM org.apache.catalina.startup.VersionLoggerListener log
INFO: Java Home:             C:\Program Files\Java\jdk1.8.0_191\jre
Nov 22, 2018 2:42:11 PM org.apache.catalina.startup.VersionLoggerListener log
INFO: JVM Version:           1.8.0_191-b12
Nov 22, 2018 2:42:11 PM org.apache.catalina.startup.VersionLoggerListener log
INFO: JVM Vendor:            Oracle Corporation
Nov 22, 2018 2:42:11 PM org.apache.catalina.startup.VersionLoggerListener log
INFO: CATALINA_BASE:         C:\openSAP\address-manager\application\target\apache-tomee
Nov 22, 2018 2:42:11 PM org.apache.catalina.startup.VersionLoggerListener log
INFO: CATALINA_HOME:         C:\openSAP\address-manager\application\target\apache-tomee
Nov 22, 2018 2:42:11 PM org.apache.catalina.startup.VersionLoggerListener log
INFO: Command line argument: -XX:+HeapDumpOnOutOfMemoryError
Nov 22, 2018 2:42:11 PM org.apache.catalina.startup.VersionLoggerListener log
INFO: Command line argument: -Dorg.apache.catalina.STRICT_SERVLET_COMPLIANCE=false
Nov 22, 2018 2:42:11 PM org.apache.catalina.startup.VersionLoggerListener log
INFO: Command line argument: -Dopenejb.session.manager=org.apache.tomee.catalina.session.QuickSessionManager
Nov 22, 2018 2:42:11 PM org.apache.catalina.startup.VersionLoggerListener log
INFO: Command line argument: -Dtomee.remote.support=true
Nov 22, 2018 2:42:11 PM org.apache.catalina.startup.VersionLoggerListener log
INFO: Command line argument: -Dopenejb.system.apps=false
Nov 22, 2018 2:42:11 PM org.apache.catalina.startup.VersionLoggerListener log
INFO: Command line argument: -Djava.util.logging.config.file=C:\openSAP\address-manager\application\target\apache-tomee\conf\logging.properties
Nov 22, 2018 2:42:11 PM org.apache.catalina.startup.VersionLoggerListener log
INFO: Command line argument: -javaagent:C:\openSAP\address-manager\application\target\apache-tomee\lib\openejb-javaagent.jar
Nov 22, 2018 2:42:11 PM org.apache.catalina.startup.VersionLoggerListener log
INFO: Command line argument: -Djava.util.logging.manager=org.apache.juli.ClassLoaderLogManager
Nov 22, 2018 2:42:11 PM org.apache.catalina.startup.VersionLoggerListener log
INFO: Command line argument: -Djava.io.tmpdir=C:\openSAP\address-manager\application\target\apache-tomee\temp
Nov 22, 2018 2:42:11 PM org.apache.catalina.startup.VersionLoggerListener log
INFO: Command line argument: -Djava.endorsed.dirs=C:\openSAP\address-manager\application\target\apache-tomee\endorsed
Nov 22, 2018 2:42:11 PM org.apache.catalina.startup.VersionLoggerListener log
INFO: Command line argument: -Dcatalina.base=C:\openSAP\address-manager\application\target\apache-tomee
Nov 22, 2018 2:42:11 PM org.apache.catalina.startup.VersionLoggerListener log
INFO: Command line argument: -Dcatalina.home=C:\openSAP\address-manager\application\target\apache-tomee
Nov 22, 2018 2:42:11 PM org.apache.catalina.startup.VersionLoggerListener log
INFO: Command line argument: -Dcatalina.ext.dirs=C:\openSAP\address-manager\application\target\apache-tomee\lib
Nov 22, 2018 2:42:11 PM org.apache.catalina.startup.VersionLoggerListener log
INFO: Command line argument: -Dorg.apache.tomcat.util.http.ServerCookie.ALLOW_HTTP_SEPARATORS_IN_V0=true
Nov 22, 2018 2:42:11 PM org.apache.catalina.startup.VersionLoggerListener log
INFO: Command line argument: -ea
Nov 22, 2018 2:42:11 PM org.apache.catalina.core.AprLifecycleListener lifecycleEvent
INFO: The APR based Apache Tomcat Native library which allows optimal performance in production environments was not found on the java.library.path: C:\Program Files\Java\jdk1.8.0_191\jre\bin;C:\WINDOWS\Sun\Java\bin;C:\WINDOWS\system32;C:\WINDOWS;C:\ProgramData\Oracle\Java\javapath;C:\Program Files (x86)\Intel\iCLS Client\;C:\Program Files\Intel\iCLS Client\;C:\WINDOWS\system32;C:\WINDOWS;C:\WINDOWS\System32\Wbem;C:\WINDOWS\System32\WindowsPowerShell\v1.0\;C:\Program Files (x86)\Intel\Intel(R) Management Engine Components\DAL;C:\Program Files\Intel\Intel(R) Management Engine Components\DAL;C:\Program Files (x86)\Intel\Intel(R) Management Engine Components\IPT;C:\Program Files\Intel\Intel(R) Management Engine Components\IPT;C:\Program Files (x86)\Skype\Phone\;C:\WINDOWS\System32\OpenSSH\;C:\Program Files\Intel\WiFi\bin\;C:\Program Files\Common Files\Intel\WirelessCommon\;C:\Program Files\Git\cmd;C:\ProgramData\chocolatey\bin;C:\Program Files\Java\jdk1.8.0_191\bin;C:\Users\Admin\AppData\Local\Microsoft\WindowsApps;C:\Program Files\Docker Toolbox;C:\Users\Admin\AppData\Local\atom\bin;.
Nov 22, 2018 2:42:12 PM org.apache.coyote.AbstractProtocol init
INFO: Initializing ProtocolHandler ["http-bio-8080"]
Nov 22, 2018 2:42:12 PM org.apache.coyote.AbstractProtocol init
INFO: Initializing ProtocolHandler ["ajp-bio-8009"]
Nov 22, 2018 2:42:13 PM org.apache.openejb.util.OptionsLog info
INFO: Using 'tomee.remote.support=true'
Nov 22, 2018 2:42:13 PM org.apache.openejb.util.OptionsLog info
INFO: Using 'openejb.jdbc.datasource-creator=org.apache.tomee.jdbc.TomEEDataSourceCreator'
Nov 22, 2018 2:42:13 PM org.apache.openejb.OpenEJB$Instance <init>
INFO: ********************************************************************************
Nov 22, 2018 2:42:13 PM org.apache.openejb.OpenEJB$Instance <init>
INFO: OpenEJB http://tomee.apache.org/
Nov 22, 2018 2:42:13 PM org.apache.openejb.OpenEJB$Instance <init>
INFO: Startup: Thu Nov 22 14:42:13 CST 2018
Nov 22, 2018 2:42:13 PM org.apache.openejb.OpenEJB$Instance <init>
INFO: Copyright 1999-2015 (C) Apache OpenEJB/TomEE Project, All Rights Reserved.
Nov 22, 2018 2:42:13 PM org.apache.openejb.OpenEJB$Instance <init>
INFO: Version: 4.7.5
Nov 22, 2018 2:42:13 PM org.apache.openejb.OpenEJB$Instance <init>
INFO: Build date: 20170927
Nov 22, 2018 2:42:13 PM org.apache.openejb.OpenEJB$Instance <init>
INFO: Build time: 12:02
Nov 22, 2018 2:42:13 PM org.apache.openejb.OpenEJB$Instance <init>
INFO: ********************************************************************************
Nov 22, 2018 2:42:13 PM org.apache.openejb.OpenEJB$Instance <init>
INFO: openejb.home = C:\openSAP\address-manager\application\target\apache-tomee
Nov 22, 2018 2:42:13 PM org.apache.openejb.OpenEJB$Instance <init>
INFO: openejb.base = C:\openSAP\address-manager\application\target\apache-tomee
Nov 22, 2018 2:42:13 PM org.apache.openejb.cdi.CdiBuilder initializeOWB
INFO: Created new singletonService org.apache.openejb.cdi.ThreadSingletonServiceImpl@51b279c9
Nov 22, 2018 2:42:13 PM org.apache.openejb.cdi.CdiBuilder initializeOWB
INFO: Succeeded in installing singleton service
Nov 22, 2018 2:42:13 PM org.apache.openejb.config.ConfigurationFactory init
INFO: openejb configuration file is 'C:\openSAP\address-manager\application\target\apache-tomee\conf\tomee.xml'
Nov 22, 2018 2:42:13 PM org.apache.openejb.config.ConfigurationFactory configureService
INFO: Configuring Service(id=Tomcat Security Service, type=SecurityService, provider-id=Tomcat Security Service)
Nov 22, 2018 2:42:13 PM org.apache.openejb.config.ConfigurationFactory configureService
INFO: Configuring Service(id=Default Transaction Manager, type=TransactionManager, provider-id=Default Transaction Manager)
Nov 22, 2018 2:42:13 PM org.apache.openejb.util.OptionsLog info
INFO: Using 'openejb.system.apps=false'
Nov 22, 2018 2:42:13 PM org.apache.openejb.util.OptionsLog info
INFO: Using 'openejb.deployments.classpath=false'
Nov 22, 2018 2:42:13 PM org.apache.openejb.assembler.classic.Assembler createRecipe
INFO: Creating TransactionManager(id=Default Transaction Manager)
Nov 22, 2018 2:42:13 PM org.apache.openejb.assembler.classic.Assembler createRecipe
INFO: Creating SecurityService(id=Tomcat Security Service)
Nov 22, 2018 2:42:13 PM org.apache.openejb.server.ServiceManager initServer
INFO: Creating ServerService(id=cxf-rs)
Nov 22, 2018 2:42:13 PM org.apache.openejb.server.SimpleServiceManager start
INFO:   ** Bound Services **
Nov 22, 2018 2:42:13 PM org.apache.openejb.server.SimpleServiceManager printRow
INFO:   NAME                 IP              PORT  
Nov 22, 2018 2:42:13 PM org.apache.openejb.server.SimpleServiceManager start
INFO: -------
Nov 22, 2018 2:42:13 PM org.apache.openejb.server.SimpleServiceManager start
INFO: Ready!
Nov 22, 2018 2:42:13 PM org.apache.catalina.startup.Catalina load
INFO: Initialization processed in 3016 ms
Nov 22, 2018 2:42:13 PM org.apache.tomee.catalina.OpenEJBNamingContextListener bindResource
INFO: Importing a Tomcat Resource with id 'UserDatabase' of type 'org.apache.catalina.UserDatabase'.
Nov 22, 2018 2:42:13 PM org.apache.openejb.assembler.classic.Assembler createRecipe
INFO: Creating Resource(id=UserDatabase)
Nov 22, 2018 2:42:13 PM org.apache.catalina.core.StandardService startInternal
INFO: Starting service Catalina
Nov 22, 2018 2:42:13 PM org.apache.catalina.core.StandardEngine startInternal
INFO: Starting Servlet Engine: Apache Tomcat (TomEE)/7.0.81 (1.7.5)
Nov 22, 2018 2:42:13 PM org.apache.catalina.startup.HostConfig deployWAR
INFO: Deploying web application archive C:\openSAP\address-manager\application\target\apache-tomee\webapps\ROOT.war
Nov 22, 2018 2:42:13 PM org.apache.tomee.catalina.TomcatWebAppBuilder init
INFO: ------------------------- localhost -> /
Nov 22, 2018 2:42:13 PM org.apache.openejb.util.JarExtractor extract
INFO: Extracting jar: C:\openSAP\address-manager\application\target\apache-tomee\webapps\ROOT.war
Nov 22, 2018 2:42:17 PM org.apache.openejb.util.JarExtractor extract
INFO: Extracted path: C:\openSAP\address-manager\application\target\apache-tomee\webapps\ROOT
Nov 22, 2018 2:42:17 PM org.apache.openejb.util.OptionsLog info
INFO: Using 'openejb.session.manager=org.apache.tomee.catalina.session.QuickSessionManager'
Nov 22, 2018 2:42:18 PM org.apache.openejb.config.ConfigurationFactory configureApplication
INFO: Configuring enterprise application: C:\openSAP\address-manager\application\target\apache-tomee\webapps\ROOT
Nov 22, 2018 2:42:19 PM org.apache.openejb.config.ConfigurationFactory configureService
INFO: Configuring Service(id=Default Managed Container, type=Container, provider-id=Default Managed Container)
Nov 22, 2018 2:42:19 PM org.apache.openejb.config.AutoConfig createContainer
INFO: Auto-creating a container for bean .Comp2044840338: Container(type=MANAGED, id=Default Managed Container)
Nov 22, 2018 2:42:19 PM org.apache.openejb.assembler.classic.Assembler createRecipe
INFO: Creating Container(id=Default Managed Container)
Nov 22, 2018 2:42:19 PM org.apache.openejb.core.managed.SimplePassivater init
INFO: Using directory C:\openSAP\address-manager\application\target\apache-tomee\temp for stateful session passivation
Nov 22, 2018 2:42:19 PM org.apache.openejb.config.AppInfoBuilder build
INFO: Enterprise application "C:\openSAP\address-manager\application\target\apache-tomee\webapps\ROOT" loaded.
Nov 22, 2018 2:42:19 PM org.apache.openejb.assembler.classic.Assembler createApplication
INFO: Assembling app: C:\openSAP\address-manager\application\target\apache-tomee\webapps\ROOT
Nov 22, 2018 2:42:20 PM org.apache.openejb.cdi.CdiBuilder initSingleton
INFO: Existing thread singleton service in SystemInstance(): org.apache.openejb.cdi.ThreadSingletonServiceImpl@51b279c9
Nov 22, 2018 2:42:20 PM org.apache.openejb.cdi.OpenEJBLifecycle startApplication
INFO: OpenWebBeans Container is starting...
Nov 22, 2018 2:42:20 PM org.apache.webbeans.plugins.PluginLoader startUp
INFO: Adding OpenWebBeansPlugin : [CdiPlugin]
Nov 22, 2018 2:42:20 PM org.apache.webbeans.plugins.PluginLoader startUp
INFO: Adding OpenWebBeansPlugin : [OpenWebBeansJsfPlugin]
Nov 22, 2018 2:42:26 PM org.apache.webbeans.config.BeansDeployer deploySingleAnnotatedType
INFO: Skipping deployment of Class class com.sap.cloud.sdk.cloudplatform.auditlog.ScpCfAuditLogdue to a NoClassDefFoundError: com/sap/xs/audit/api/exception/AuditLogException
Nov 22, 2018 2:42:28 PM org.apache.webbeans.config.BeansDeployer validateInjectionPoints
INFO: All injection points were validated successfully.
Nov 22, 2018 2:42:28 PM org.apache.openejb.cdi.OpenEJBLifecycle startApplication
INFO: OpenWebBeans Container has started, it took 8033 ms.
Nov 22, 2018 2:42:30 PM org.apache.openejb.assembler.classic.Assembler createApplication
INFO: Deployed Application(path=C:\openSAP\address-manager\application\target\apache-tomee\webapps\ROOT)
Nov 22, 2018 2:42:33 PM org.apache.catalina.startup.HostConfig deployWAR
INFO: Deployment of web application archive C:\openSAP\address-manager\application\target\apache-tomee\webapps\ROOT.war has finished in 19,122 ms
Nov 22, 2018 2:42:33 PM org.apache.coyote.AbstractProtocol start
INFO: Starting ProtocolHandler ["http-bio-8080"]
Nov 22, 2018 2:42:33 PM org.apache.coyote.AbstractProtocol start
INFO: Starting ProtocolHandler ["ajp-bio-8009"]
Nov 22, 2018 2:42:33 PM org.apache.catalina.startup.Catalina start
INFO: Server startup in 19324 ms
Nov 22, 2018 4:10:59 PM org.apache.catalina.core.StandardServer await
INFO: A valid shutdown command was received via the shutdown port. Stopping the Server instance.
Nov 22, 2018 4:10:59 PM org.apache.coyote.AbstractProtocol pause
INFO: Pausing ProtocolHandler ["http-bio-8080"]
Nov 22, 2018 4:10:59 PM org.apache.coyote.AbstractProtocol pause
INFO: Pausing ProtocolHandler ["ajp-bio-8009"]
Nov 22, 2018 4:10:59 PM org.apache.catalina.core.StandardService stopInternal
INFO: Stopping service Catalina
Nov 22, 2018 4:10:59 PM org.apache.openejb.assembler.classic.Assembler destroyApplication
INFO: Undeploying app: C:\openSAP\address-manager\application\target\apache-tomee\webapps\ROOT
Nov 22, 2018 4:11:00 PM org.apache.openejb.util.OptionsLog info
INFO: Using 'openjpa.Log=org.apache.openejb.openjpa.JULOpenJPALogFactory'
Nov 22, 2018 4:11:00 PM org.apache.openejb.assembler.classic.Assembler destroyApplication
INFO: Undeployed app: C:\openSAP\address-manager\application\target\apache-tomee\webapps\ROOT
Nov 22, 2018 4:11:00 PM org.apache.catalina.loader.WebappClassLoaderBase checkThreadLocalMapForLeaks
SEVERE: The web application [] created a ThreadLocal with key of type [java.lang.ThreadLocal] (value [java.lang.ThreadLocal@76e40d1c]) and a value of type [com.netflix.hystrix.strategy.concurrency.HystrixRequestContext] (value [com.netflix.hystrix.strategy.concurrency.HystrixRequestContext@374b0b6e]) but failed to remove it when the web application was stopped. Threads are going to be renewed over time to try and avoid a probable memory leak.
Nov 22, 2018 4:11:00 PM org.apache.catalina.loader.WebappClassLoaderBase checkThreadLocalMapForLeaks
SEVERE: The web application [] created a ThreadLocal with key of type [java.lang.ThreadLocal] (value [java.lang.ThreadLocal@76e40d1c]) and a value of type [com.netflix.hystrix.strategy.concurrency.HystrixRequestContext] (value [com.netflix.hystrix.strategy.concurrency.HystrixRequestContext@10eaaaf9]) but failed to remove it when the web application was stopped. Threads are going to be renewed over time to try and avoid a probable memory leak.
Nov 22, 2018 4:11:00 PM org.apache.catalina.loader.WebappClassLoaderBase checkThreadLocalMapForLeaks
SEVERE: The web application [] created a ThreadLocal with key of type [java.lang.ThreadLocal] (value [java.lang.ThreadLocal@76e40d1c]) and a value of type [com.netflix.hystrix.strategy.concurrency.HystrixRequestContext] (value [com.netflix.hystrix.strategy.concurrency.HystrixRequestContext@683d039a]) but failed to remove it when the web application was stopped. Threads are going to be renewed over time to try and avoid a probable memory leak.
Nov 22, 2018 4:11:00 PM org.apache.catalina.loader.WebappClassLoaderBase checkThreadLocalMapForLeaks
SEVERE: The web application [] created a ThreadLocal with key of type [com.netflix.hystrix.Hystrix$1] (value [com.netflix.hystrix.Hystrix$1@7426588]) and a value of type [com.netflix.hystrix.Hystrix.ConcurrentStack] (value [com.netflix.hystrix.Hystrix$ConcurrentStack@423abafb]) but failed to remove it when the web application was stopped. Threads are going to be renewed over time to try and avoid a probable memory leak.
Nov 22, 2018 4:11:00 PM org.apache.coyote.AbstractProtocol stop
INFO: Stopping ProtocolHandler ["http-bio-8080"]
Nov 22, 2018 4:11:00 PM org.apache.coyote.AbstractProtocol stop
INFO: Stopping ProtocolHandler ["ajp-bio-8009"]
Nov 22, 2018 4:11:00 PM org.apache.openejb.server.SimpleServiceManager stop
INFO: Stopping server services
Nov 22, 2018 4:11:00 PM org.apache.coyote.AbstractProtocol destroy
INFO: Destroying ProtocolHandler ["http-bio-8080"]
Nov 22, 2018 4:11:00 PM org.apache.coyote.AbstractProtocol destroy
INFO: Destroying ProtocolHandler ["ajp-bio-8009"]
Nov 22, 2018 4:12:29 PM org.apache.catalina.startup.VersionLoggerListener log
INFO: Server version:        Apache Tomcat (TomEE)/7.0.81 (1.7.5)
Nov 22, 2018 4:12:29 PM org.apache.catalina.startup.VersionLoggerListener log
INFO: Server built:          Aug 11 2017 10:21:27 UTC
Nov 22, 2018 4:12:29 PM org.apache.catalina.startup.VersionLoggerListener log
INFO: Server number:         7.0.81.0
Nov 22, 2018 4:12:29 PM org.apache.catalina.startup.VersionLoggerListener log
INFO: OS Name:               Windows 10
Nov 22, 2018 4:12:29 PM org.apache.catalina.startup.VersionLoggerListener log
INFO: OS Version:            10.0
Nov 22, 2018 4:12:29 PM org.apache.catalina.startup.VersionLoggerListener log
INFO: Architecture:          amd64
Nov 22, 2018 4:12:29 PM org.apache.catalina.startup.VersionLoggerListener log
INFO: Java Home:             C:\Program Files\Java\jdk1.8.0_191\jre
Nov 22, 2018 4:12:29 PM org.apache.catalina.startup.VersionLoggerListener log
INFO: JVM Version:           1.8.0_191-b12
Nov 22, 2018 4:12:29 PM org.apache.catalina.startup.VersionLoggerListener log
INFO: JVM Vendor:            Oracle Corporation
Nov 22, 2018 4:12:29 PM org.apache.catalina.startup.VersionLoggerListener log
INFO: CATALINA_BASE:         C:\openSAP\address-manager\application\target\apache-tomee
Nov 22, 2018 4:12:29 PM org.apache.catalina.startup.VersionLoggerListener log
INFO: CATALINA_HOME:         C:\openSAP\address-manager\application\target\apache-tomee
Nov 22, 2018 4:12:29 PM org.apache.catalina.startup.VersionLoggerListener log
INFO: Command line argument: -XX:+HeapDumpOnOutOfMemoryError
Nov 22, 2018 4:12:29 PM org.apache.catalina.startup.VersionLoggerListener log
INFO: Command line argument: -Dorg.apache.catalina.STRICT_SERVLET_COMPLIANCE=false
Nov 22, 2018 4:12:29 PM org.apache.catalina.startup.VersionLoggerListener log
INFO: Command line argument: -Dopenejb.session.manager=org.apache.tomee.catalina.session.QuickSessionManager
Nov 22, 2018 4:12:29 PM org.apache.catalina.startup.VersionLoggerListener log
INFO: Command line argument: -Dtomee.remote.support=true
Nov 22, 2018 4:12:29 PM org.apache.catalina.startup.VersionLoggerListener log
INFO: Command line argument: -Dopenejb.system.apps=false
Nov 22, 2018 4:12:29 PM org.apache.catalina.startup.VersionLoggerListener log
INFO: Command line argument: -Djava.util.logging.config.file=C:\openSAP\address-manager\application\target\apache-tomee\conf\logging.properties
Nov 22, 2018 4:12:29 PM org.apache.catalina.startup.VersionLoggerListener log
INFO: Command line argument: -javaagent:C:\openSAP\address-manager\application\target\apache-tomee\lib\openejb-javaagent.jar
Nov 22, 2018 4:12:29 PM org.apache.catalina.startup.VersionLoggerListener log
INFO: Command line argument: -Djava.util.logging.manager=org.apache.juli.ClassLoaderLogManager
Nov 22, 2018 4:12:29 PM org.apache.catalina.startup.VersionLoggerListener log
INFO: Command line argument: -Djava.io.tmpdir=C:\openSAP\address-manager\application\target\apache-tomee\temp
Nov 22, 2018 4:12:29 PM org.apache.catalina.startup.VersionLoggerListener log
INFO: Command line argument: -Djava.endorsed.dirs=C:\openSAP\address-manager\application\target\apache-tomee\endorsed
Nov 22, 2018 4:12:29 PM org.apache.catalina.startup.VersionLoggerListener log
INFO: Command line argument: -Dcatalina.base=C:\openSAP\address-manager\application\target\apache-tomee
Nov 22, 2018 4:12:29 PM org.apache.catalina.startup.VersionLoggerListener log
INFO: Command line argument: -Dcatalina.home=C:\openSAP\address-manager\application\target\apache-tomee
Nov 22, 2018 4:12:29 PM org.apache.catalina.startup.VersionLoggerListener log
INFO: Command line argument: -Dcatalina.ext.dirs=C:\openSAP\address-manager\application\target\apache-tomee\lib
Nov 22, 2018 4:12:29 PM org.apache.catalina.startup.VersionLoggerListener log
INFO: Command line argument: -Dorg.apache.tomcat.util.http.ServerCookie.ALLOW_HTTP_SEPARATORS_IN_V0=true
Nov 22, 2018 4:12:29 PM org.apache.catalina.startup.VersionLoggerListener log
INFO: Command line argument: -ea
Nov 22, 2018 4:12:29 PM org.apache.catalina.core.AprLifecycleListener lifecycleEvent
INFO: The APR based Apache Tomcat Native library which allows optimal performance in production environments was not found on the java.library.path: C:\Program Files\Java\jdk1.8.0_191\jre\bin;C:\WINDOWS\Sun\Java\bin;C:\WINDOWS\system32;C:\WINDOWS;C:\ProgramData\Oracle\Java\javapath;C:\Program Files (x86)\Intel\iCLS Client\;C:\Program Files\Intel\iCLS Client\;C:\WINDOWS\system32;C:\WINDOWS;C:\WINDOWS\System32\Wbem;C:\WINDOWS\System32\WindowsPowerShell\v1.0\;C:\Program Files (x86)\Intel\Intel(R) Management Engine Components\DAL;C:\Program Files\Intel\Intel(R) Management Engine Components\DAL;C:\Program Files (x86)\Intel\Intel(R) Management Engine Components\IPT;C:\Program Files\Intel\Intel(R) Management Engine Components\IPT;C:\Program Files (x86)\Skype\Phone\;C:\WINDOWS\System32\OpenSSH\;C:\Program Files\Intel\WiFi\bin\;C:\Program Files\Common Files\Intel\WirelessCommon\;C:\Program Files\Git\cmd;C:\ProgramData\chocolatey\bin;C:\Program Files\Java\jdk1.8.0_191\bin;C:\Users\Admin\AppData\Local\Microsoft\WindowsApps;C:\Program Files\Docker Toolbox;C:\Users\Admin\AppData\Local\atom\bin;.
Nov 22, 2018 4:12:30 PM org.apache.coyote.AbstractProtocol init
INFO: Initializing ProtocolHandler ["http-bio-8080"]
Nov 22, 2018 4:12:30 PM org.apache.coyote.AbstractProtocol init
INFO: Initializing ProtocolHandler ["ajp-bio-8009"]
Nov 22, 2018 4:12:31 PM org.apache.openejb.util.OptionsLog info
INFO: Using 'tomee.remote.support=true'
Nov 22, 2018 4:12:31 PM org.apache.openejb.util.OptionsLog info
INFO: Using 'openejb.jdbc.datasource-creator=org.apache.tomee.jdbc.TomEEDataSourceCreator'
Nov 22, 2018 4:12:31 PM org.apache.openejb.OpenEJB$Instance <init>
INFO: ********************************************************************************
Nov 22, 2018 4:12:31 PM org.apache.openejb.OpenEJB$Instance <init>
INFO: OpenEJB http://tomee.apache.org/
Nov 22, 2018 4:12:31 PM org.apache.openejb.OpenEJB$Instance <init>
INFO: Startup: Thu Nov 22 16:12:31 CST 2018
Nov 22, 2018 4:12:31 PM org.apache.openejb.OpenEJB$Instance <init>
INFO: Copyright 1999-2015 (C) Apache OpenEJB/TomEE Project, All Rights Reserved.
Nov 22, 2018 4:12:31 PM org.apache.openejb.OpenEJB$Instance <init>
INFO: Version: 4.7.5
Nov 22, 2018 4:12:31 PM org.apache.openejb.OpenEJB$Instance <init>
INFO: Build date: 20170927
Nov 22, 2018 4:12:31 PM org.apache.openejb.OpenEJB$Instance <init>
INFO: Build time: 12:02
Nov 22, 2018 4:12:31 PM org.apache.openejb.OpenEJB$Instance <init>
INFO: ********************************************************************************
Nov 22, 2018 4:12:31 PM org.apache.openejb.OpenEJB$Instance <init>
INFO: openejb.home = C:\openSAP\address-manager\application\target\apache-tomee
Nov 22, 2018 4:12:31 PM org.apache.openejb.OpenEJB$Instance <init>
INFO: openejb.base = C:\openSAP\address-manager\application\target\apache-tomee
Nov 22, 2018 4:12:31 PM org.apache.openejb.cdi.CdiBuilder initializeOWB
INFO: Created new singletonService org.apache.openejb.cdi.ThreadSingletonServiceImpl@51b279c9
Nov 22, 2018 4:12:31 PM org.apache.openejb.cdi.CdiBuilder initializeOWB
INFO: Succeeded in installing singleton service
Nov 22, 2018 4:12:31 PM org.apache.openejb.config.ConfigurationFactory init
INFO: openejb configuration file is 'C:\openSAP\address-manager\application\target\apache-tomee\conf\tomee.xml'
Nov 22, 2018 4:12:31 PM org.apache.openejb.config.ConfigurationFactory configureService
INFO: Configuring Service(id=Tomcat Security Service, type=SecurityService, provider-id=Tomcat Security Service)
Nov 22, 2018 4:12:31 PM org.apache.openejb.config.ConfigurationFactory configureService
INFO: Configuring Service(id=Default Transaction Manager, type=TransactionManager, provider-id=Default Transaction Manager)
Nov 22, 2018 4:12:31 PM org.apache.openejb.util.OptionsLog info
INFO: Using 'openejb.system.apps=false'
Nov 22, 2018 4:12:31 PM org.apache.openejb.util.OptionsLog info
INFO: Using 'openejb.deployments.classpath=false'
Nov 22, 2018 4:12:31 PM org.apache.openejb.assembler.classic.Assembler createRecipe
INFO: Creating TransactionManager(id=Default Transaction Manager)
Nov 22, 2018 4:12:31 PM org.apache.openejb.assembler.classic.Assembler createRecipe
INFO: Creating SecurityService(id=Tomcat Security Service)
Nov 22, 2018 4:12:31 PM org.apache.openejb.server.ServiceManager initServer
INFO: Creating ServerService(id=cxf-rs)
Nov 22, 2018 4:12:32 PM org.apache.openejb.server.SimpleServiceManager start
INFO:   ** Bound Services **
Nov 22, 2018 4:12:32 PM org.apache.openejb.server.SimpleServiceManager printRow
INFO:   NAME                 IP              PORT  
Nov 22, 2018 4:12:32 PM org.apache.openejb.server.SimpleServiceManager start
INFO: -------
Nov 22, 2018 4:12:32 PM org.apache.openejb.server.SimpleServiceManager start
INFO: Ready!
Nov 22, 2018 4:12:32 PM org.apache.catalina.startup.Catalina load
INFO: Initialization processed in 3226 ms
Nov 22, 2018 4:12:32 PM org.apache.tomee.catalina.OpenEJBNamingContextListener bindResource
INFO: Importing a Tomcat Resource with id 'UserDatabase' of type 'org.apache.catalina.UserDatabase'.
Nov 22, 2018 4:12:32 PM org.apache.openejb.assembler.classic.Assembler createRecipe
INFO: Creating Resource(id=UserDatabase)
Nov 22, 2018 4:12:32 PM org.apache.catalina.core.StandardService startInternal
INFO: Starting service Catalina
Nov 22, 2018 4:12:32 PM org.apache.catalina.core.StandardEngine startInternal
INFO: Starting Servlet Engine: Apache Tomcat (TomEE)/7.0.81 (1.7.5)
Nov 22, 2018 4:12:32 PM org.apache.catalina.startup.HostConfig deployWAR
INFO: Deploying web application archive C:\openSAP\address-manager\application\target\apache-tomee\webapps\ROOT.war
Nov 22, 2018 4:12:32 PM org.apache.tomee.catalina.TomcatWebAppBuilder init
INFO: ------------------------- localhost -> /
Nov 22, 2018 4:12:32 PM org.apache.openejb.util.JarExtractor extract
INFO: Extracting jar: C:\openSAP\address-manager\application\target\apache-tomee\webapps\ROOT.war
Nov 22, 2018 4:12:35 PM org.apache.openejb.util.JarExtractor extract
INFO: Extracted path: C:\openSAP\address-manager\application\target\apache-tomee\webapps\ROOT
Nov 22, 2018 4:12:35 PM org.apache.openejb.util.OptionsLog info
INFO: Using 'openejb.session.manager=org.apache.tomee.catalina.session.QuickSessionManager'
Nov 22, 2018 4:12:38 PM org.apache.openejb.config.ConfigurationFactory configureApplication
INFO: Configuring enterprise application: C:\openSAP\address-manager\application\target\apache-tomee\webapps\ROOT
Nov 22, 2018 4:12:41 PM org.apache.openejb.config.ConfigurationFactory configureService
INFO: Configuring Service(id=Default Managed Container, type=Container, provider-id=Default Managed Container)
Nov 22, 2018 4:12:41 PM org.apache.openejb.config.AutoConfig createContainer
INFO: Auto-creating a container for bean .Comp2017343802: Container(type=MANAGED, id=Default Managed Container)
Nov 22, 2018 4:12:41 PM org.apache.openejb.assembler.classic.Assembler createRecipe
INFO: Creating Container(id=Default Managed Container)
Nov 22, 2018 4:12:41 PM org.apache.openejb.core.managed.SimplePassivater init
INFO: Using directory C:\openSAP\address-manager\application\target\apache-tomee\temp for stateful session passivation
Nov 22, 2018 4:12:41 PM org.apache.openejb.config.AppInfoBuilder build
INFO: Enterprise application "C:\openSAP\address-manager\application\target\apache-tomee\webapps\ROOT" loaded.
Nov 22, 2018 4:12:42 PM org.apache.openejb.assembler.classic.Assembler createApplication
INFO: Assembling app: C:\openSAP\address-manager\application\target\apache-tomee\webapps\ROOT
Nov 22, 2018 4:12:42 PM org.apache.openejb.cdi.CdiBuilder initSingleton
INFO: Existing thread singleton service in SystemInstance(): org.apache.openejb.cdi.ThreadSingletonServiceImpl@51b279c9
Nov 22, 2018 4:12:43 PM org.apache.openejb.cdi.OpenEJBLifecycle startApplication
INFO: OpenWebBeans Container is starting...
Nov 22, 2018 4:12:43 PM org.apache.webbeans.plugins.PluginLoader startUp
INFO: Adding OpenWebBeansPlugin : [CdiPlugin]
Nov 22, 2018 4:12:43 PM org.apache.webbeans.plugins.PluginLoader startUp
INFO: Adding OpenWebBeansPlugin : [OpenWebBeansJsfPlugin]
Nov 22, 2018 4:12:49 PM org.apache.webbeans.config.BeansDeployer deploySingleAnnotatedType
INFO: Skipping deployment of Class class com.sap.cloud.sdk.cloudplatform.auditlog.ScpCfAuditLogdue to a NoClassDefFoundError: com/sap/xs/audit/api/AuditLogMessage
Nov 22, 2018 4:12:52 PM org.apache.webbeans.config.BeansDeployer validateInjectionPoints
INFO: All injection points were validated successfully.
Nov 22, 2018 4:12:52 PM org.apache.openejb.cdi.OpenEJBLifecycle startApplication
INFO: OpenWebBeans Container has started, it took 8510 ms.
Nov 22, 2018 4:12:55 PM org.apache.openejb.assembler.classic.Assembler createApplication
INFO: Deployed Application(path=C:\openSAP\address-manager\application\target\apache-tomee\webapps\ROOT)
Nov 22, 2018 4:13:02 PM org.apache.catalina.startup.HostConfig deployWAR
INFO: Deployment of web application archive C:\openSAP\address-manager\application\target\apache-tomee\webapps\ROOT.war has finished in 30,580 ms
Nov 22, 2018 4:13:03 PM org.apache.coyote.AbstractProtocol start
INFO: Starting ProtocolHandler ["http-bio-8080"]
Nov 22, 2018 4:13:03 PM org.apache.coyote.AbstractProtocol start
INFO: Starting ProtocolHandler ["ajp-bio-8009"]
Nov 22, 2018 4:13:03 PM org.apache.catalina.startup.Catalina start
INFO: Server startup in 31633 ms
Nov 22, 2018 4:33:06 PM org.apache.catalina.core.StandardServer await
INFO: A valid shutdown command was received via the shutdown port. Stopping the Server instance.
Nov 22, 2018 4:33:06 PM org.apache.coyote.AbstractProtocol pause
INFO: Pausing ProtocolHandler ["http-bio-8080"]
Nov 22, 2018 4:33:06 PM org.apache.coyote.AbstractProtocol pause
INFO: Pausing ProtocolHandler ["ajp-bio-8009"]
Nov 22, 2018 4:33:06 PM org.apache.catalina.core.StandardService stopInternal
INFO: Stopping service Catalina
Nov 22, 2018 4:33:07 PM org.apache.openejb.assembler.classic.Assembler destroyApplication
INFO: Undeploying app: C:\openSAP\address-manager\application\target\apache-tomee\webapps\ROOT
Nov 22, 2018 4:33:07 PM org.apache.openejb.util.OptionsLog info
INFO: Using 'openjpa.Log=org.apache.openejb.openjpa.JULOpenJPALogFactory'
Nov 22, 2018 4:33:07 PM org.apache.openejb.assembler.classic.Assembler destroyApplication
INFO: Undeployed app: C:\openSAP\address-manager\application\target\apache-tomee\webapps\ROOT
Nov 22, 2018 4:33:07 PM org.apache.catalina.loader.WebappClassLoaderBase checkThreadLocalMapForLeaks
SEVERE: The web application [] created a ThreadLocal with key of type [java.lang.ThreadLocal] (value [java.lang.ThreadLocal@3c6235b5]) and a value of type [com.netflix.hystrix.strategy.concurrency.HystrixRequestContext] (value [com.netflix.hystrix.strategy.concurrency.HystrixRequestContext@9a3311b]) but failed to remove it when the web application was stopped. Threads are going to be renewed over time to try and avoid a probable memory leak.
Nov 22, 2018 4:33:07 PM org.apache.catalina.loader.WebappClassLoaderBase checkThreadLocalMapForLeaks
SEVERE: The web application [] created a ThreadLocal with key of type [java.lang.ThreadLocal] (value [java.lang.ThreadLocal@3c6235b5]) and a value of type [com.netflix.hystrix.strategy.concurrency.HystrixRequestContext] (value [com.netflix.hystrix.strategy.concurrency.HystrixRequestContext@27027bce]) but failed to remove it when the web application was stopped. Threads are going to be renewed over time to try and avoid a probable memory leak.
Nov 22, 2018 4:33:07 PM org.apache.catalina.loader.WebappClassLoaderBase checkThreadLocalMapForLeaks
SEVERE: The web application [] created a ThreadLocal with key of type [java.lang.ThreadLocal] (value [java.lang.ThreadLocal@3c6235b5]) and a value of type [com.netflix.hystrix.strategy.concurrency.HystrixRequestContext] (value [com.netflix.hystrix.strategy.concurrency.HystrixRequestContext@50a20bf5]) but failed to remove it when the web application was stopped. Threads are going to be renewed over time to try and avoid a probable memory leak.
Nov 22, 2018 4:33:07 PM org.apache.catalina.loader.WebappClassLoaderBase checkThreadLocalMapForLeaks
SEVERE: The web application [] created a ThreadLocal with key of type [com.netflix.hystrix.Hystrix$1] (value [com.netflix.hystrix.Hystrix$1@4019d313]) and a value of type [com.netflix.hystrix.Hystrix.ConcurrentStack] (value [com.netflix.hystrix.Hystrix$ConcurrentStack@74f10cd5]) but failed to remove it when the web application was stopped. Threads are going to be renewed over time to try and avoid a probable memory leak.
Nov 22, 2018 4:33:07 PM org.apache.coyote.AbstractProtocol stop
INFO: Stopping ProtocolHandler ["http-bio-8080"]
Nov 22, 2018 4:33:07 PM org.apache.coyote.AbstractProtocol stop
INFO: Stopping ProtocolHandler ["ajp-bio-8009"]
Nov 22, 2018 4:33:07 PM org.apache.openejb.server.SimpleServiceManager stop
INFO: Stopping server services
Nov 22, 2018 4:33:07 PM org.apache.coyote.AbstractProtocol destroy
INFO: Destroying ProtocolHandler ["http-bio-8080"]
Nov 22, 2018 4:33:07 PM org.apache.coyote.AbstractProtocol destroy
INFO: Destroying ProtocolHandler ["ajp-bio-8009"]
